-- Progress_new()
p56584112 = Progress_new()
-- Progress_setDefaultCallback(p56584112)
Progress_setDefaultCallback(p56584112)
-- GM_load("../../models/FCL_model.smd", nil, p56584112)
r56589712 = GM_load("../../models/FCL_model.smd", nil, p56584112)
-- PM_load("FCL_model_fine.sms", r56589712, p56584112)
r57709696 = PM_load("FCL_model_fine.sms", r56589712, p56584112)
-- PartitionOpts_new()
p56552368 = PartitionOpts_new()
-- PartitionOpts_setTotalNumParts(p56552368, 15)
PartitionOpts_setTotalNumParts(p56552368, 15)
-- PM_partition(r57709696, p56552368, p56584112)
PM_partition(r57709696, p56552368, p56584112)
-- PartitionOpts_delete(p56552368)
PartitionOpts_delete(p56552368)
-- PM_write(r57709696, "outmesh_15_parts.sms", p56584112)
PM_write(r57709696, "outmesh_15_parts.sms", p56584112)
-- M_release(r57709696)
M_release(r57709696)
-- GM_release(r56589712)
GM_release(r56589712)
-- NM_release(nil)
NM_release(nil)
-- Progress_delete(p56584112)
Progress_delete(p56584112)
