-- Progress_new()
p44574640 = Progress_new()
-- Progress_setDefaultCallback(p44574640)
Progress_setDefaultCallback(p44574640)
-- GM_load("../../models/FCL_model.smd", nil, p44574640)
r44580240 = GM_load("../../models/FCL_model.smd", nil, p44574640)
-- PM_load("FCL_model_course.sms", r44580240, p44574640)
r45700272 = PM_load("FCL_model_course.sms", r44580240, p44574640)
-- PartitionOpts_new()
p44542896 = PartitionOpts_new()
-- PartitionOpts_setTotalNumParts(p44542896, 10)
PartitionOpts_setTotalNumParts(p44542896, 10)
-- PM_partition(r45700272, p44542896, p44574640)
PM_partition(r45700272, p44542896, p44574640)
-- PartitionOpts_delete(p44542896)
PartitionOpts_delete(p44542896)
-- PM_write(r45700272, "outmesh_10_parts.sms", p44574640)
PM_write(r45700272, "outmesh_10_parts.sms", p44574640)
-- M_release(r45700272)
M_release(r45700272)
-- GM_release(r44580240)
GM_release(r44580240)
-- NM_release(nil)
NM_release(nil)
-- Progress_delete(p44574640)
Progress_delete(p44574640)
