-- Progress_new()
p57943984 = Progress_new()
-- Progress_setDefaultCallback(p57943984)
Progress_setDefaultCallback(p57943984)
-- GM_load("../../models/FCL_model.smd", nil, p57943984)
r57949584 = GM_load("../../models/FCL_model.smd", nil, p57943984)
-- PM_load("FCL_model_very-fine.sms", r57949584, p57943984)
r59069648 = PM_load("FCL_model_very-fine.sms", r57949584, p57943984)
-- PartitionOpts_new()
p57969888 = PartitionOpts_new()
-- PartitionOpts_setTotalNumParts(p57969888, 15)
PartitionOpts_setTotalNumParts(p57969888, 15)
-- PM_partition(r59069648, p57969888, p57943984)
PM_partition(r59069648, p57969888, p57943984)
-- PartitionOpts_delete(p57969888)
PartitionOpts_delete(p57969888)
-- PM_write(r59069648, "outmesh_15_parts.sms", p57943984)
PM_write(r59069648, "outmesh_15_parts.sms", p57943984)
-- M_release(r59069648)
M_release(r59069648)
-- GM_release(r57949584)
GM_release(r57949584)
-- NM_release(nil)
NM_release(nil)
-- Progress_delete(p57943984)
Progress_delete(p57943984)
